  main.cpp
E:\Романюк\Курсач МПС\курсач\курсач\main.cpp(202,1): warning C4244: +=: преобразование "double" в "int", возможна потеря данных
E:\Романюк\Курсач МПС\курсач\курсач\main.cpp(570,64): warning C4244: =: преобразование "float" в "short", возможна потеря данных
E:\Романюк\Курсач МПС\курсач\курсач\main.cpp(1536,80): warning C4244: +=: преобразование "double" в "short", возможна потеря данных
E:\Романюк\Курсач МПС\курсач\курсач\main.cpp(1682,49): warning C4244: =: преобразование "wchar_t" в "char", возможна потеря данных
E:\Романюк\Курсач МПС\курсач\курсач\main.cpp(1690,49): warning C4244: =: преобразование "wchar_t" в "char", возможна потеря данных
E:\Романюк\Курсач МПС\курсач\курсач\main.cpp(1692,49): warning C4244: =: преобразование "wchar_t" в "char", возможна потеря данных
E:\Романюк\Курсач МПС\курсач\курсач\main.cpp(1694,49): warning C4244: =: преобразование "wchar_t" в "char", возможна потеря данных
E:\Романюк\Курсач МПС\курсач\курсач\main.cpp(1696,49): warning C4244: =: преобразование "wchar_t" в "char", возможна потеря данных
E:\Романюк\Курсач МПС\курсач\курсач\main.cpp(1701,49): warning C4244: =: преобразование "wchar_t" в "char", возможна потеря данных
E:\Романюк\Курсач МПС\курсач\курсач\main.cpp(1703,49): warning C4244: =: преобразование "wchar_t" в "char", возможна потеря данных
E:\Романюк\Курсач МПС\курсач\курсач\main.cpp(1705,49): warning C4244: =: преобразование "wchar_t" в "char", возможна потеря данных
E:\Романюк\Курсач МПС\курсач\курсач\main.cpp(1707,49): warning C4244: =: преобразование "wchar_t" в "char", возможна потеря данных
E:\Романюк\Курсач МПС\курсач\курсач\main.cpp(1709,49): warning C4244: =: преобразование "wchar_t" в "char", возможна потеря данных
E:\Романюк\Курсач МПС\курсач\курсач\main.cpp(1715,49): warning C4244: =: преобразование "wchar_t" в "char", возможна потеря данных
E:\Романюк\Курсач МПС\курсач\курсач\main.cpp(1717,49): warning C4244: =: преобразование "wchar_t" в "char", возможна потеря данных
E:\Романюк\Курсач МПС\курсач\курсач\main.cpp(1719,49): warning C4244: =: преобразование "wchar_t" в "char", возможна потеря данных
E:\Романюк\Курсач МПС\курсач\курсач\main.cpp(1721,49): warning C4244: =: преобразование "wchar_t" в "char", возможна потеря данных
E:\Романюк\Курсач МПС\курсач\курсач\main.cpp(1723,49): warning C4244: =: преобразование "wchar_t" в "char", возможна потеря данных
E:\Романюк\Курсач МПС\курсач\курсач\main.cpp(1729,49): warning C4244: =: преобразование "wchar_t" в "char", возможна потеря данных
E:\Романюк\Курсач МПС\курсач\курсач\main.cpp(1731,49): warning C4244: =: преобразование "wchar_t" в "char", возможна потеря данных
E:\Романюк\Курсач МПС\курсач\курсач\main.cpp(1733,49): warning C4244: =: преобразование "wchar_t" в "char", возможна потеря данных
E:\Романюк\Курсач МПС\курсач\курсач\main.cpp(1735,49): warning C4244: =: преобразование "wchar_t" в "char", возможна потеря данных
E:\Романюк\Курсач МПС\курсач\курсач\main.cpp(1737,49): warning C4244: =: преобразование "wchar_t" в "char", возможна потеря данных
  Создание кода
  3 of 27 functions (11.1%) were compiled, the rest were copied from previous compilation.
    0 functions were new in current compilation
    1 functions had inline decision re-evaluated but remain unchanged
  Создание кода завершено
  курсач.vcxproj -> E:\Романюк\Курсач МПС\курсач\Release\курсач.exe
